<?xml version="1.0" encoding="UTF-8"?>
<testsuite name="com.theskillpedia.core.utils.AppTest" tests="1" skipped="0" failures="0" errors="0" timestamp="2022-01-24T20:29:33" hostname="server.example.com" time="0.001">
  <properties/>
  <testcase name="testApp" classname="com.theskillpedia.core.utils.AppTest" time="0.001"/>
  <system-out><![CDATA[]]></system-out>
  <system-err><![CDATA[]]></system-err>
</testsuite>
